<?xml version="1.0" encoding="UTF-8"?>
<!-- Generated by org.testng.reporters.JUnitReportReporter -->
<testsuite hostname="bdc14-l-f54zq30" failures="0" tests="2" name="automation.tests.LoginTest" time="11.536" errors="0" timestamp="2025-02-26T17:08:43 IST" skipped="0">
  <testcase classname="automation.tests.LoginTest" name="testLogin" time="4.128"/>
  <testcase classname="automation.tests.LoginTest" name="testLogin" time="7.408"/>
</testsuite> <!-- automation.tests.LoginTest -->
