<?xml version="1.0" encoding="UTF-8"?>
<!-- Generated by org.testng.reporters.JUnitReportReporter -->
<testsuite hostname="bdc14-l-f54zq30" failures="0" tests="2" name="automation.tests.RegisterTest" time="12.814" errors="0" timestamp="2025-02-26T16:53:56 IST" skipped="0">
  <testcase classname="automation.tests.RegisterTest" name="registerTest" time="6.539"/>
  <testcase classname="automation.tests.RegisterTest" name="registerTest" time="6.275"/>
</testsuite> <!-- automation.tests.RegisterTest -->
