<?xml version="1.0" encoding="UTF-8"?>
<!-- Generated by org.testng.reporters.JUnitReportReporter -->
<testsuite hostname="bdc14-l-f54zq30" failures="0" tests="1" name="automation.tests.LoginTest" time="23.659" errors="0" timestamp="2025-02-26T13:04:38 IST" skipped="0">
  <testcase classname="automation.tests.LoginTest" name="testLogin" time="23.659"/>
</testsuite> <!-- automation.tests.LoginTest -->
